ERROR - 2024-09-14 21:49:02 --> Severity: 8192 --> __autoload() is deprecated, use spl_autoload_register() instead C:\xampp\htdocs\OtherAppsToCheck\URBANCLAP-CLONE\application\config\config.php 534
ERROR - 2024-09-14 21:49:02 --> Severity: Compile Error --> Cannot redeclare __autoload() (previously declared in C:\xampp\htdocs\OtherAppsToCheck\URBANCLAP-CLONE\application\config\config.php:534) C:\xampp\htdocs\OtherAppsToCheck\URBANCLAP-CLONE\application\config\config.php 540
ERROR - 2024-09-14 21:49:04 --> Severity: 8192 --> __autoload() is deprecated, use spl_autoload_register() instead C:\xampp\htdocs\OtherAppsToCheck\URBANCLAP-CLONE\application\config\config.php 534
ERROR - 2024-09-14 21:49:04 --> Severity: Compile Error --> Cannot redeclare __autoload() (previously declared in C:\xampp\htdocs\OtherAppsToCheck\URBANCLAP-CLONE\application\config\config.php:534) C:\xampp\htdocs\OtherAppsToCheck\URBANCLAP-CLONE\application\config\config.php 540
ERROR - 2024-09-14 21:50:40 --> Severity: 8192 --> __autoload() is deprecated, use spl_autoload_register() instead C:\xampp\htdocs\OtherAppsToCheck\URBANCLAP-CLONE\application\config\config.php 534
ERROR - 2024-09-14 21:50:40 --> Severity: Compile Error --> Cannot redeclare __autoload() (previously declared in C:\xampp\htdocs\OtherAppsToCheck\URBANCLAP-CLONE\application\config\config.php:534) C:\xampp\htdocs\OtherAppsToCheck\URBANCLAP-CLONE\application\config\config.php 540
ERROR - 2024-09-14 21:50:41 --> Severity: 8192 --> __autoload() is deprecated, use spl_autoload_register() instead C:\xampp\htdocs\OtherAppsToCheck\URBANCLAP-CLONE\application\config\config.php 534
ERROR - 2024-09-14 21:50:41 --> Severity: Compile Error --> Cannot redeclare __autoload() (previously declared in C:\xampp\htdocs\OtherAppsToCheck\URBANCLAP-CLONE\application\config\config.php:534) C:\xampp\htdocs\OtherAppsToCheck\URBANCLAP-CLONE\application\config\config.php 540
ERROR - 2024-09-14 21:50:41 --> Severity: 8192 --> __autoload() is deprecated, use spl_autoload_register() instead C:\xampp\htdocs\OtherAppsToCheck\URBANCLAP-CLONE\application\config\config.php 534
ERROR - 2024-09-14 21:50:41 --> Severity: Compile Error --> Cannot redeclare __autoload() (previously declared in C:\xampp\htdocs\OtherAppsToCheck\URBANCLAP-CLONE\application\config\config.php:534) C:\xampp\htdocs\OtherAppsToCheck\URBANCLAP-CLONE\application\config\config.php 540
ERROR - 2024-09-14 21:50:42 --> Severity: 8192 --> __autoload() is deprecated, use spl_autoload_register() instead C:\xampp\htdocs\OtherAppsToCheck\URBANCLAP-CLONE\application\config\config.php 534
ERROR - 2024-09-14 21:50:42 --> Severity: Compile Error --> Cannot redeclare __autoload() (previously declared in C:\xampp\htdocs\OtherAppsToCheck\URBANCLAP-CLONE\application\config\config.php:534) C:\xampp\htdocs\OtherAppsToCheck\URBANCLAP-CLONE\application\config\config.php 540
ERROR - 2024-09-14 21:50:42 --> Severity: 8192 --> __autoload() is deprecated, use spl_autoload_register() instead C:\xampp\htdocs\OtherAppsToCheck\URBANCLAP-CLONE\application\config\config.php 534
ERROR - 2024-09-14 21:50:42 --> Severity: Compile Error --> Cannot redeclare __autoload() (previously declared in C:\xampp\htdocs\OtherAppsToCheck\URBANCLAP-CLONE\application\config\config.php:534) C:\xampp\htdocs\OtherAppsToCheck\URBANCLAP-CLONE\application\config\config.php 540
ERROR - 2024-09-14 21:50:42 --> Severity: 8192 --> __autoload() is deprecated, use spl_autoload_register() instead C:\xampp\htdocs\OtherAppsToCheck\URBANCLAP-CLONE\application\config\config.php 534
ERROR - 2024-09-14 21:50:42 --> Severity: Compile Error --> Cannot redeclare __autoload() (previously declared in C:\xampp\htdocs\OtherAppsToCheck\URBANCLAP-CLONE\application\config\config.php:534) C:\xampp\htdocs\OtherAppsToCheck\URBANCLAP-CLONE\application\config\config.php 540
ERROR - 2024-09-14 21:50:42 --> Severity: 8192 --> __autoload() is deprecated, use spl_autoload_register() instead C:\xampp\htdocs\OtherAppsToCheck\URBANCLAP-CLONE\application\config\config.php 534
ERROR - 2024-09-14 21:50:42 --> Severity: Compile Error --> Cannot redeclare __autoload() (previously declared in C:\xampp\htdocs\OtherAppsToCheck\URBANCLAP-CLONE\application\config\config.php:534) C:\xampp\htdocs\OtherAppsToCheck\URBANCLAP-CLONE\application\config\config.php 540
ERROR - 2024-09-14 21:50:43 --> Severity: 8192 --> __autoload() is deprecated, use spl_autoload_register() instead C:\xampp\htdocs\OtherAppsToCheck\URBANCLAP-CLONE\application\config\config.php 534
ERROR - 2024-09-14 21:50:43 --> Severity: Compile Error --> Cannot redeclare __autoload() (previously declared in C:\xampp\htdocs\OtherAppsToCheck\URBANCLAP-CLONE\application\config\config.php:534) C:\xampp\htdocs\OtherAppsToCheck\URBANCLAP-CLONE\application\config\config.php 540
ERROR - 2024-09-14 21:50:43 --> Severity: 8192 --> __autoload() is deprecated, use spl_autoload_register() instead C:\xampp\htdocs\OtherAppsToCheck\URBANCLAP-CLONE\application\config\config.php 534
ERROR - 2024-09-14 21:50:43 --> Severity: Compile Error --> Cannot redeclare __autoload() (previously declared in C:\xampp\htdocs\OtherAppsToCheck\URBANCLAP-CLONE\application\config\config.php:534) C:\xampp\htdocs\OtherAppsToCheck\URBANCLAP-CLONE\application\config\config.php 540
ERROR - 2024-09-14 21:50:43 --> Severity: 8192 --> __autoload() is deprecated, use spl_autoload_register() instead C:\xampp\htdocs\OtherAppsToCheck\URBANCLAP-CLONE\application\config\config.php 534
ERROR - 2024-09-14 21:50:43 --> Severity: Compile Error --> Cannot redeclare __autoload() (previously declared in C:\xampp\htdocs\OtherAppsToCheck\URBANCLAP-CLONE\application\config\config.php:534) C:\xampp\htdocs\OtherAppsToCheck\URBANCLAP-CLONE\application\config\config.php 540
ERROR - 2024-09-14 21:50:44 --> Severity: 8192 --> __autoload() is deprecated, use spl_autoload_register() instead C:\xampp\htdocs\OtherAppsToCheck\URBANCLAP-CLONE\application\config\config.php 534
ERROR - 2024-09-14 21:50:44 --> Severity: Compile Error --> Cannot redeclare __autoload() (previously declared in C:\xampp\htdocs\OtherAppsToCheck\URBANCLAP-CLONE\application\config\config.php:534) C:\xampp\htdocs\OtherAppsToCheck\URBANCLAP-CLONE\application\config\config.php 540
ERROR - 2024-09-14 21:50:44 --> Severity: 8192 --> __autoload() is deprecated, use spl_autoload_register() instead C:\xampp\htdocs\OtherAppsToCheck\URBANCLAP-CLONE\application\config\config.php 534
ERROR - 2024-09-14 21:50:44 --> Severity: Compile Error --> Cannot redeclare __autoload() (previously declared in C:\xampp\htdocs\OtherAppsToCheck\URBANCLAP-CLONE\application\config\config.php:534) C:\xampp\htdocs\OtherAppsToCheck\URBANCLAP-CLONE\application\config\config.php 540
ERROR - 2024-09-14 21:50:44 --> Severity: 8192 --> __autoload() is deprecated, use spl_autoload_register() instead C:\xampp\htdocs\OtherAppsToCheck\URBANCLAP-CLONE\application\config\config.php 534
ERROR - 2024-09-14 21:50:44 --> Severity: Compile Error --> Cannot redeclare __autoload() (previously declared in C:\xampp\htdocs\OtherAppsToCheck\URBANCLAP-CLONE\application\config\config.php:534) C:\xampp\htdocs\OtherAppsToCheck\URBANCLAP-CLONE\application\config\config.php 540
ERROR - 2024-09-14 21:51:14 --> Severity: 8192 --> __autoload() is deprecated, use spl_autoload_register() instead C:\xampp\htdocs\URBANCLAP-CLONE\application\config\config.php 534
ERROR - 2024-09-14 21:51:14 --> Severity: Compile Error --> Cannot redeclare __autoload() (previously declared in C:\xampp\htdocs\URBANCLAP-CLONE\application\config\config.php:534) C:\xampp\htdocs\URBANCLAP-CLONE\application\config\config.php 540
ERROR - 2024-09-14 21:53:32 --> Severity: 8192 --> __autoload() is deprecated, use spl_autoload_register() instead C:\xampp\htdocs\URBANCLAP-CLONE\application\config\config.php 534
ERROR - 2024-09-14 21:53:32 --> Severity: Compile Error --> Cannot redeclare __autoload() (previously declared in C:\xampp\htdocs\URBANCLAP-CLONE\application\config\config.php:534) C:\xampp\htdocs\URBANCLAP-CLONE\application\config\config.php 540
ERROR - 2024-09-14 21:53:33 --> Severity: 8192 --> __autoload() is deprecated, use spl_autoload_register() instead C:\xampp\htdocs\URBANCLAP-CLONE\application\config\config.php 534
ERROR - 2024-09-14 21:53:33 --> Severity: Compile Error --> Cannot redeclare __autoload() (previously declared in C:\xampp\htdocs\URBANCLAP-CLONE\application\config\config.php:534) C:\xampp\htdocs\URBANCLAP-CLONE\application\config\config.php 540
ERROR - 2024-09-14 21:53:34 --> Severity: 8192 --> __autoload() is deprecated, use spl_autoload_register() instead C:\xampp\htdocs\URBANCLAP-CLONE\application\config\config.php 534
ERROR - 2024-09-14 21:53:34 --> Severity: Compile Error --> Cannot redeclare __autoload() (previously declared in C:\xampp\htdocs\URBANCLAP-CLONE\application\config\config.php:534) C:\xampp\htdocs\URBANCLAP-CLONE\application\config\config.php 540
ERROR - 2024-09-14 21:53:34 --> Severity: 8192 --> __autoload() is deprecated, use spl_autoload_register() instead C:\xampp\htdocs\URBANCLAP-CLONE\application\config\config.php 534
ERROR - 2024-09-14 21:53:34 --> Severity: Compile Error --> Cannot redeclare __autoload() (previously declared in C:\xampp\htdocs\URBANCLAP-CLONE\application\config\config.php:534) C:\xampp\htdocs\URBANCLAP-CLONE\application\config\config.php 540
ERROR - 2024-09-14 21:53:34 --> Severity: 8192 --> __autoload() is deprecated, use spl_autoload_register() instead C:\xampp\htdocs\URBANCLAP-CLONE\application\config\config.php 534
ERROR - 2024-09-14 21:53:34 --> Severity: Compile Error --> Cannot redeclare __autoload() (previously declared in C:\xampp\htdocs\URBANCLAP-CLONE\application\config\config.php:534) C:\xampp\htdocs\URBANCLAP-CLONE\application\config\config.php 540
ERROR - 2024-09-14 21:53:34 --> Severity: 8192 --> __autoload() is deprecated, use spl_autoload_register() instead C:\xampp\htdocs\URBANCLAP-CLONE\application\config\config.php 534
ERROR - 2024-09-14 21:53:34 --> Severity: Compile Error --> Cannot redeclare __autoload() (previously declared in C:\xampp\htdocs\URBANCLAP-CLONE\application\config\config.php:534) C:\xampp\htdocs\URBANCLAP-CLONE\application\config\config.php 540
ERROR - 2024-09-14 21:53:35 --> Severity: 8192 --> __autoload() is deprecated, use spl_autoload_register() instead C:\xampp\htdocs\URBANCLAP-CLONE\application\config\config.php 534
ERROR - 2024-09-14 21:53:35 --> Severity: Compile Error --> Cannot redeclare __autoload() (previously declared in C:\xampp\htdocs\URBANCLAP-CLONE\application\config\config.php:534) C:\xampp\htdocs\URBANCLAP-CLONE\application\config\config.php 540
ERROR - 2024-09-14 21:53:35 --> Severity: 8192 --> __autoload() is deprecated, use spl_autoload_register() instead C:\xampp\htdocs\URBANCLAP-CLONE\application\config\config.php 534
ERROR - 2024-09-14 21:53:35 --> Severity: Compile Error --> Cannot redeclare __autoload() (previously declared in C:\xampp\htdocs\URBANCLAP-CLONE\application\config\config.php:534) C:\xampp\htdocs\URBANCLAP-CLONE\application\config\config.php 540
ERROR - 2024-09-14 21:53:49 --> Severity: 8192 --> __autoload() is deprecated, use spl_autoload_register() instead C:\xampp\htdocs\URBANCLAP-CLONE\application\config\config.php 534
ERROR - 2024-09-14 21:53:49 --> Severity: Compile Error --> Cannot redeclare __autoload() (previously declared in C:\xampp\htdocs\URBANCLAP-CLONE\application\config\config.php:534) C:\xampp\htdocs\URBANCLAP-CLONE\application\config\config.php 540
ERROR - 2024-09-14 22:03:12 --> Severity: Error --> Class 'Public_Controller' not found C:\xampp\htdocs\URBANCLAP-CLONE\application\controllers\Welcome.php 3
